-------------------------------------------------------------------------------
Test set: csci310.servlets.UnBlockUserTest
-------------------------------------------------------------------------------
Tests run: 1, Failures: 1, Errors: 0, Skipped: 0, Time elapsed: 0.022 s <<< FAILURE! - in csci310.servlets.UnBlockUserTest
TestDoPost(csci310.servlets.UnBlockUserTest)  Time elapsed: 0.021 s  <<< FAILURE!
java.lang.AssertionError
	at csci310.servlets.UnBlockUserTest.TestDoPost(UnBlockUserTest.java:29)

