-------------------------------------------------------------------------------
Test set: csci310.servlets.GetBlockedUsersTest
-------------------------------------------------------------------------------
Tests run: 1, Failures: 1, Errors: 0, Skipped: 0, Time elapsed: 1.554 s <<< FAILURE! - in csci310.servlets.GetBlockedUsersTest
testDoGet(csci310.servlets.GetBlockedUsersTest)  Time elapsed: 1.55 s  <<< FAILURE!
java.lang.AssertionError
	at csci310.servlets.GetBlockedUsersTest.testDoGet(GetBlockedUsersTest.java:28)

