<?xml version="1.0" encoding="UTF-8"?>
<testsuite xmlns:xsi="http://www.w3.org/2001/XMLSchema-instance" xsi:noNamespaceSchemaLocation="https://maven.apache.org/surefire/maven-failsafe-plugin/xsd/failsafe-test-report.xsd" name="cucumber.RunCucumberTests" time="0.117" tests="1" errors="1" skipped="0" failures="0">
  <properties>
[...]
</properties>
  <testcase name="initializationError" classname="cucumber.RunCucumberTests" time="0.092">
    <error message="Failed to parse resource at: classpath:cucumber/loginAndRegister.feature" type="io.cucumber.core.gherkin.FeatureParserException">io.cucumber.core.gherkin.FeatureParserException: Failed to parse resource at: classpath:cucumber/loginAndRegister.feature
Caused by: io.cucumber.core.gherkin.vintage.internal.gherkin.ParserException$CompositeParserException: 
Parser errors:
(12:5): expected: #EOF, #TableRow, #DocStringSeparator, #StepLine, #TagLine, #ScenarioLine, #ScenarioOutlineLine, #Comment, #Empty, got 'And'
</error>
  </testcase>
</testsuite>